TN:
SF:src/NFTprimes.sol
FN:13,NFTprimes.mint
FNDA:41,NFTprimes.mint
DA:14,41
BRDA:14,0,0,1
BRDA:14,0,1,40
DA:15,40
DA:16,40
FNF:1
FNH:1
LF:3
LH:3
BRF:2
BRH:2
end_of_record
TN:
SF:src/PrimeCounter.sol
FN:14,PrimeCounter.countPrimes
FNDA:1,PrimeCounter.countPrimes
DA:16,1
DA:17,1
DA:20,1
DA:21,20
DA:23,20
DA:28,1
FN:31,PrimeCounter._countPrimes
FNDA:1,PrimeCounter._countPrimes
DA:32,1
DA:33,1
DA:34,1
DA:35,20
BRDA:35,0,0,8
BRDA:35,0,1,20
DA:36,8
DA:39,20
DA:43,1
FN:46,PrimeCounter._isPrime
FNDA:20,PrimeCounter._isPrime
DA:47,20
BRDA:47,1,0,1
BRDA:47,1,1,19
DA:48,19
BRDA:48,2,0,1
BRDA:48,2,1,18
DA:49,18
BRDA:49,3,0,9
BRDA:49,3,1,9
DA:51,9
DA:52,6
BRDA:52,4,0,2
BRDA:52,4,1,4
DA:54,4
DA:57,7
FNF:3
FNH:3
LF:20
LH:20
BRF:10
BRH:10
end_of_record
